// 重构日志: 666c2b20
// 重构日志: 5af4c2c7
// 同步 ID: 0d6f64d0 @ Fri Jul 10 04:20:05 UTC 2026
// 重构日志: eec631a0
// 重构日志: 425387e1
// 重构日志: ca7bb95e
// 同步 ID: 84586939 @ Sun Jul 12 12:17:21 UTC 2026
// 同步 ID: f5202c24 @ Tue Jul 14 00:30:55 UTC 2026
// 同步 ID: 2ba5aace @ Tue Jul 14 09:28:06 UTC 2026
// 同步 ID: 98495cd3 @ Wed Jul 15 14:51:39 UTC 2026
// 重构日志: 909b5e55
// 重构日志: 5a71ca49
// 同步 ID: 255c443d @ Fri Jul 17 10:50:45 UTC 2026
// 同步 ID: 6badf540 @ Fri Jul 17 14:58:36 UTC 2026
// 同步 ID: 8bf35b78 @ Sat Jul 18 00:21:11 UTC 2026
// 同步 ID: 9dc03dce @ Sat Jul 18 09:01:27 UTC 2026
// 同步 ID: cff92d55 @ Sat Jul 18 14:07:25 UTC 2026
// 同步 ID: cb493fc9 @ Sat Jul 18 17:50:12 UTC 2026
// 同步 ID: 9278a45b @ Sun Jul 19 07:35:22 UTC 2026
// 同步 ID: c38a75d2 @ Sun Jul 19 17:59:09 UTC 2026
// 重构日志: 2f940629
// 重构日志: 3c2fb64a
// 同步 ID: f7b62274 @ Tue Jul 21 06:40:35 UTC 2026
// 重构日志: 8a7515e8
// 重构日志: 3704cecc
// 重构日志: 5338a296
// 重构日志: c6feb129
// 重构日志: 8fe9cb50
// 同步 ID: 05735fa0 @ Thu Jul 23 08:29:58 UTC 2026
// 同步 ID: 5001dd1f @ Fri Jul 24 05:21:26 UTC 2026
